#
# A fatal error has been detected by the Java Runtime Environment:
#
#  EXCEPTION_ACCESS_VIOLATION (0xc0000005) at pc=0x0000000057ac6b30, pid=14776, tid=0x0000000000003a5c
#
# JRE version: OpenJDK Runtime Environment (8.0_242-b01) (build 1.8.0_242-release-1644-b01)
# Java VM: OpenJDK 64-Bit Server VM (25.242-b01 mixed mode windows-amd64 compressed oops)
# Problematic frame:
# V  [jvm.dll+0x206b30]
#
# Failed to write core dump. Minidumps are not enabled by default on client versions of Windows
#
# If you would like to submit a bug report, please visit:
#   
#

---------------  T H R E A D  ---------------

Current thread (0x0000000017986800):  VMThread [stack: 0x0000000018a10000,0x0000000018b10000] [id=14940]

siginfo: ExceptionCode=0xc0000005, reading address 0xffffffffffffffff

Registers:
RAX=0x000000001f34b000, RBX=0x0000000000000004, RCX=0x0000000000000000, RDX=0x000000000000000a
RSP=0x0000000018b0f270, RBP=0x0000000000000084, RSI=0x000000001e010650, RDI=0x170000001dcc5800
R8 =0x0000000002da0000, R9 =0x0000000000000006, R10=0x0000000000000000, R11=0x0000000000000001
R12=0x0000000000000000, R13=0x0000000000000000, R14=0x0000000000000000, R15=0x0000000000000000
RIP=0x0000000057ac6b30, EFLAGS=0x0000000000010206

Top of Stack: (sp=0x0000000018b0f270)
0x0000000018b0f270:   0000000000000002 000000000272d7d0
0x0000000018b0f280:   00000000000000ac 0000000000000000
0x0000000018b0f290:   0000000000000000 00000000580484e0
0x0000000018b0f2a0:   0000000000000000 0000000017986800
0x0000000018b0f2b0:   0000000000000000 0000000000000000
0x0000000018b0f2c0:   0000000018b0f700 0000000057ae6d02
0x0000000018b0f2d0:   00000000000000ac 0000000057eb9ac8
0x0000000018b0f2e0:   000000000272d7d0 000000000272d550
0x0000000018b0f2f0:   0000000017986800 0000000017985440
0x0000000018b0f300:   0000000017986bc0 0000000017986bd0
0x0000000018b0f310:   0000000017986ca8 00000000000000d8
0x0000000018b0f320:   0000000017985c00 0000000000000138
0x0000000018b0f330:   0000000018b0f338 6e69747563657845
0x0000000018b0f340:   65706f204d562067 203a6e6f69746172
0x0000000018b0f350:   6942656b6f766552 00656e6f64007361
0x0000000018b0f360:   6974616300656e6f 00656e6f64206e6f 

Instructions: (pc=0x0000000057ac6b30)
0x0000000057ac6b10:   e6 85 f6 0f 8e 23 01 00 00 48 8b df 0f 1f 40 00
0x0000000057ac6b20:   48 8b 3d f9 01 5c 00 48 85 ff 74 35 0f 1f 40 00
0x0000000057ac6b30:   48 8b b7 60 02 00 00 8b 46 10 85 c0 75 13 48 8b
0x0000000057ac6b40:   ce e8 4a fa ff ff 44 8b 5e 10 45 85 db 74 02 ff 


Register to memory mapping:

RAX=0x000000001f34b000 is a thread
RBX=
[error occurred during error reporting (printing register info), id 0xc0000005]

Stack: [0x0000000018a10000,0x0000000018b10000],  sp=0x0000000018b0f270,  free space=1020k
Native frames: (J=compiled Java code, j=interpreted, Vv=VM code, C=native code)
V  [jvm.dll+0x206b30]
V  [jvm.dll+0x226d02]
V  [jvm.dll+0x226f40]
V  [jvm.dll+0x27276a]
C  [msvcr100.dll+0x21d9f]
C  [msvcr100.dll+0x21e3b]
C  [KERNEL32.DLL+0x17c24]
C  [ntdll.dll+0x6d4d1]

VM_Operation (0x000000002f1eeaa0): RevokeBias, mode: safepoint, requested by thread 0x000000001f4fb000


---------------  P R O C E S S  ---------------

Java Threads: ( => current thread )
  0x000000001f503800 JavaThread "RMI TCP Connection(idle)" daemon [_thread_blocked, id=6308, stack(0x00000000308e0000,0x00000000309e0000)]
  0x000000001f501000 JavaThread "RMI Reaper" [_thread_blocked, id=16872, stack(0x00000000307e0000,0x00000000308e0000)]
  0x000000001f506800 JavaThread "RMI TCP Accept-0" daemon [_thread_in_native, id=7328, stack(0x00000000306e0000,0x00000000307e0000)]
  0x000000001f505800 JavaThread "GC Daemon" daemon [_thread_blocked, id=5404, stack(0x00000000305e0000,0x00000000306e0000)]
  0x000000001f4f9800 JavaThread "RMI RenewClean-[127.0.0.1:17823,org.jetbrains.kotlin.daemon.common.LoopbackNetworkInterface$ClientLoopbackSocketFactory@4c5430cb]" daemon [_thread_blocked, id=16132, stack(0x00000000304e0000,0x00000000305e0000)]
  0x000000001f4fb000 JavaThread "RMI Scheduler(0)" daemon [_thread_in_vm, id=13388, stack(0x000000002f0f0000,0x000000002f1f0000)]
  0x000000001f4ff800 JavaThread "WorkerExecutor Queue Thread 5" [_thread_blocked, id=16324, stack(0x00000000300e0000,0x00000000301e0000)]
  0x000000001f4f8000 JavaThread "stdout" [_thread_in_native, id=17024, stack(0x000000002ffe0000,0x00000000300e0000)]
  0x000000001f4fa800 JavaThread "stderr" [_thread_in_native, id=16624, stack(0x000000002fee0000,0x000000002ffe0000)]
  0x000000001f4ff000 JavaThread "stdout" [_thread_in_native, id=9160, stack(0x000000002fde0000,0x000000002fee0000)]
  0x000000001f4fe000 JavaThread "stderr" [_thread_in_native, id=1248, stack(0x000000002fce0000,0x000000002fde0000)]
  0x000000001f4fc800 JavaThread "stdout" [_thread_in_native, id=4988, stack(0x000000002fbe0000,0x000000002fce0000)]
  0x000000001f4fd800 JavaThread "stderr" [_thread_in_native, id=5928, stack(0x000000002fae0000,0x000000002fbe0000)]
  0x000000001f4f7000 JavaThread "stdout" [_thread_in_native, id=11164, stack(0x000000002f9e0000,0x000000002fae0000)]
  0x000000001dd09000 JavaThread "stderr" [_thread_in_native, id=5300, stack(0x000000002f8e0000,0x000000002f9e0000)]
  0x000000001dd0e000 JavaThread "pool-4-thread-1" [_thread_blocked, id=8284, stack(0x000000002f4f0000,0x000000002f5f0000)]
  0x000000001dd07800 JavaThread "WorkerExecutor Queue Thread 4" [_thread_blocked, id=10580, stack(0x000000002f3f0000,0x000000002f4f0000)]
  0x000000001dd0d800 JavaThread "WorkerExecutor Queue Thread 3" [_thread_blocked, id=11424, stack(0x000000002f2f0000,0x000000002f3f0000)]
  0x000000001dd0c000 JavaThread "WorkerExecutor Queue Thread 2" [_thread_blocked, id=15584, stack(0x000000002f1f0000,0x000000002f2f0000)]
  0x000000001dd0c800 JavaThread "Cache worker for execution history cache (D:\NTUT-LOVE-BUS-master\.gradle\6.5\executionHistory)" [_thread_blocked, id=14436, stack(0x000000002eff0000,0x000000002f0f0000)]
  0x000000001dd09800 JavaThread "Execution worker for ':' Thread 3" [_thread_blocked, id=14432, stack(0x000000002ecf0000,0x000000002edf0000)]
  0x000000001f356000 JavaThread "Execution worker for ':' Thread 2" [_thread_blocked, id=12828, stack(0x000000002c9c0000,0x000000002cac0000)]
  0x000000001f354800 JavaThread "Execution worker for ':'" [_thread_blocked, id=14376, stack(0x000000002c280000,0x000000002c380000)]
  0x000000001f357000 JavaThread "Cache worker for file content cache (D:\NTUT-LOVE-BUS-master\.gradle\6.5\fileContent)" [_thread_blocked, id=9424, stack(0x000000002a7d0000,0x000000002a8d0000)]
  0x000000001f353000 JavaThread "Cache worker for Build Output Cleanup Cache (D:\NTUT-LOVE-BUS-master\.gradle\buildOutputCleanup)" [_thread_blocked, id=8972, stack(0x000000002a6d0000,0x000000002a7d0000)]
  0x000000001f351800 JavaThread "jar transforms Thread 228" [_thread_blocked, id=8968, stack(0x000000002a5d0000,0x000000002a6d0000)]
  0x000000001f351000 JavaThread "jar transforms Thread 227" [_thread_blocked, id=8840, stack(0x000000002a4d0000,0x000000002a5d0000)]
  0x000000001f355800 JavaThread "jar transforms Thread 226" [_thread_blocked, id=1104, stack(0x000000002a3d0000,0x000000002a4d0000)]
  0x000000001f349800 JavaThread "jar transforms Thread 225" [_thread_blocked, id=8004, stack(0x000000002a2d0000,0x000000002a3d0000)]
  0x000000001f34a000 JavaThread "jar transforms Thread 224" [_thread_blocked, id=7448, stack(0x000000002a1d0000,0x000000002a2d0000)]
  0x000000001f350000 JavaThread "jar transforms Thread 223" [_thread_blocked, id=7048, stack(0x000000002a0d0000,0x000000002a1d0000)]
  0x000000001f34c800 JavaThread "jar transforms Thread 222" [_thread_blocked, id=7044, stack(0x0000000029fd0000,0x000000002a0d0000)]
  0x000000001f34f800 JavaThread "jar transforms Thread 221" [_thread_blocked, id=5420, stack(0x0000000029ed0000,0x0000000029fd0000)]
  0x000000001f348800 JavaThread "jar transforms Thread 220" [_thread_blocked, id=432, stack(0x0000000029dd0000,0x0000000029ed0000)]
  0x000000001f34b800 JavaThread "jar transforms Thread 219" [_thread_blocked, id=15628, stack(0x0000000029cd0000,0x0000000029dd0000)]
  0x000000001f34d000 JavaThread "jar transforms Thread 218" [_thread_blocked, id=8268, stack(0x0000000029bd0000,0x0000000029cd0000)]
  0x000000001f34e800 JavaThread "jar transforms Thread 217" [_thread_blocked, id=16676, stack(0x0000000029ad0000,0x0000000029bd0000)]
  0x000000001f34e000 JavaThread "jar transforms Thread 216" [_thread_blocked, id=32, stack(0x00000000299d0000,0x0000000029ad0000)]
  0x000000001f348000 JavaThread "jar transforms Thread 215" [_thread_blocked, id=17368, stack(0x00000000298d0000,0x00000000299d0000)]
  0x000000001f34b000 
[error occurred during error reporting (printing all threads), id 0xc0000005]

VM state:synchronizing (normal execution)

VM Mutex/Monitor currently owned by a thread:  ([mutex/lock_event])
[0x000000000272d7d0] Safepoint_lock - owner thread: 0x0000000017986800
[0x000000000272e0d0] Threads_lock - owner thread: 0x0000000017986800

heap address: 0x0000000080000000, size: 2048 MB, Compressed Oops mode: 32-bit
Narrow klass base: 0x0000000000000000, Narrow klass shift: 3
Compressed class space size: 1073741824 Address: 0x0000000100000000

Heap:
 PSYoungGen      total 248832K, used 189993K [0x00000000d5580000, 0x00000000e7980000, 0x0000000100000000)
  eden space 213504K, 79% used [0x00000000d5580000,0x00000000dfc38f10,0x00000000e2600000)
  from space 35328K, 54% used [0x00000000e2600000,0x00000000e38d1868,0x00000000e4880000)
  to   space 34816K, 0% used [0x00000000e5780000,0x00000000e5780000,0x00000000e7980000)
 ParOldGen       total 221696K, used 53443K [0x0000000080000000, 0x000000008d880000, 0x00000000d5580000)
  object space 221696K, 24% used [0x0000000080000000,0x0000000083430d90,0x000000008d880000)
 Metaspace       used 100978K, capacity 105780K, committed 105932K, reserved 1140736K
  class space    used 13268K, capacity 14241K, committed 14336K, reserved 1048576K

Card table byte_map: [0x0000000012160000,0x0000000012570000] byte_map_base: 0x0000000011d60000

Marking Bits: (ParMarkBitMap*) 0x000000005808f030
 Begin Bits: [0x0000000012c20000, 0x0000000014c20000)
 End Bits:   [0x0000000014c20000, 0x0000000016c20000)

Polling page: 0x0000000000e10000

CodeCache: size=245760Kb used=42174Kb max_used=42786Kb free=203585Kb
 bounds [0x0000000002da0000, 0x00000000057c0000, 0x0000000011da0000]
 total_blobs=13743 nmethods=12801 adapters=853
 compilation: enabled

Compilation events (10 events):
Event: 1545.027 Thread 0x0000000018d23800 15184       3       java.io.ObjectStreamClass::access$602 (7 bytes)
Event: 1545.027 Thread 0x0000000018d23800 nmethod 15184 0x00000000040e2c10 code [0x00000000040e2d60, 0x00000000040e2eb0]
Event: 1545.031 Thread 0x00000000179d2800 nmethod 15186% 0x00000000046e7010 code [0x00000000046e7180, 0x00000000046e7448]
Event: 1545.521 Thread 0x00000000179cd800 nmethod 15180 0x00000000053cc590 code [0x00000000053cce60, 0x00000000053d3df0]
Event: 1550.131 Thread 0x00000000179cd800 15187   !   4       java.util.concurrent.LinkedBlockingQueue::poll (134 bytes)
Event: 1550.153 Thread 0x00000000179d2800 15188       4       org.gradle.launcher.daemon.server.exec.DaemonConnectionBackedEventConsumer$ForwardEvents::moreMessagesToSend (35 bytes)
Event: 1550.155 Thread 0x00000000179d2800 nmethod 15188 0x0000000003fe2c50 code [0x0000000003fe2da0, 0x0000000003fe2ea8]
Event: 1550.164 Thread 0x00000000179d2800 15189   !   4       org.gradle.launcher.daemon.server.exec.DaemonConnectionBackedEventConsumer$ForwardEvents::getNextEvent (27 bytes)
Event: 1550.172 Thread 0x00000000179cd800 nmethod 15187 0x000000000527b410 code [0x000000000527b640, 0x000000000527c5d0]
Event: 1550.210 Thread 0x00000000179d2800 nmethod 15189 0x0000000004fc1a10 code [0x0000000004fc1c40, 0x0000000004fc2c10]

GC Heap History (10 events):
Event: 75.859 GC heap before
{Heap before GC invocations=19 (full 3):
 PSYoungGen      total 197120K, used 197109K [0x00000000d5580000, 0x00000000e5880000, 0x0000000100000000)
  eden space 173568K, 100% used [0x00000000d5580000,0x00000000dff00000,0x00000000dff00000)
  from space 23552K, 99% used [0x00000000dff00000,0x00000000e15fd778,0x00000000e1600000)
  to   space 30208K, 0% used [0x00000000e3b00000,0x00000000e3b00000,0x00000000e5880000)
 ParOldGen       total 146432K, used 43404K [0x0000000080000000, 0x0000000088f00000, 0x00000000d5580000)
  object space 146432K, 29% used [0x0000000080000000,0x0000000082a63190,0x0000000088f00000)
 Metaspace       used 93608K, capacity 98180K, committed 98380K, reserved 1134592K
  class space    used 12426K, capacity 13359K, committed 13440K, reserved 1048576K
Event: 75.996 GC heap after
Heap after GC invocations=19 (full 3):
 PSYoungGen      total 227328K, used 30180K [0x00000000d5580000, 0x00000000e6380000, 0x0000000100000000)
  eden space 197120K, 0% used [0x00000000d5580000,0x00000000d5580000,0x00000000e1600000)
  from space 30208K, 99% used [0x00000000e3b00000,0x00000000e5879260,0x00000000e5880000)
  to   space 37888K, 0% used [0x00000000e1600000,0x00000000e1600000,0x00000000e3b00000)
 ParOldGen       total 146432K, used 52337K [0x0000000080000000, 0x0000000088f00000, 0x00000000d5580000)
  object space 146432K, 35% used [0x0000000080000000,0x000000008331c768,0x0000000088f00000)
 Metaspace       used 93608K, capacity 98180K, committed 98380K, reserved 1134592K
  class space    used 12426K, capacity 13359K, committed 13440K, reserved 1048576K
}
Event: 164.845 GC heap before
{Heap before GC invocations=20 (full 3):
 PSYoungGen      total 227328K, used 33348K [0x00000000d5580000, 0x00000000e6380000, 0x0000000100000000)
  eden space 197120K, 1% used [0x00000000d5580000,0x00000000d5898168,0x00000000e1600000)
  from space 30208K, 99% used [0x00000000e3b00000,0x00000000e5879260,0x00000000e5880000)
  to   space 37888K, 0% used [0x00000000e1600000,0x00000000e1600000,0x00000000e3b00000)
 ParOldGen       total 146432K, used 52337K [0x0000000080000000, 0x0000000088f00000, 0x00000000d5580000)
  object space 146432K, 35% used [0x0000000080000000,0x000000008331c768,0x0000000088f00000)
 Metaspace       used 93652K, capacity 98192K, committed 98380K, reserved 1134592K
  class space    used 12427K, capacity 13361K, committed 13440K, reserved 1048576K
Event: 164.891 GC heap after
Heap after GC invocations=20 (full 3):
 PSYoungGen      total 235008K, used 9793K [0x00000000d5580000, 0x00000000e6e80000, 0x0000000100000000)
  eden space 197120K, 0% used [0x00000000d5580000,0x00000000d5580000,0x00000000e1600000)
  from space 37888K, 25% used [0x00000000e1600000,0x00000000e1f90600,0x00000000e3b00000)
  to   space 36864K, 0% used [0x00000000e4a80000,0x00000000e4a80000,0x00000000e6e80000)
 ParOldGen       total 146432K, used 68461K [0x0000000080000000, 0x0000000088f00000, 0x00000000d5580000)
  object space 146432K, 46% used [0x0000000080000000,0x00000000842db7c0,0x0000000088f00000)
 Metaspace       used 93652K, capacity 98192K, committed 98380K, reserved 1134592K
  class space    used 12427K, capacity 13361K, committed 13440K, reserved 1048576K
}
Event: 164.891 GC heap before
{Heap before GC invocations=21 (full 4):
 PSYoungGen      total 235008K, used 9793K [0x00000000d5580000, 0x00000000e6e80000, 0x0000000100000000)
  eden space 197120K, 0% used [0x00000000d5580000,0x00000000d5580000,0x00000000e1600000)
  from space 37888K, 25% used [0x00000000e1600000,0x00000000e1f90600,0x00000000e3b00000)
  to   space 36864K, 0% used [0x00000000e4a80000,0x00000000e4a80000,0x00000000e6e80000)
 ParOldGen       total 146432K, used 68461K [0x0000000080000000, 0x0000000088f00000, 0x00000000d5580000)
  object space 146432K, 46% used [0x0000000080000000,0x00000000842db7c0,0x0000000088f00000)
 Metaspace       used 93652K, capacity 98192K, committed 98380K, reserved 1134592K
  class space    used 12427K, capacity 13361K, committed 13440K, reserved 1048576K
Event: 165.255 GC heap after
Heap after GC invocations=21 (full 4):
 PSYoungGen      total 235008K, used 0K [0x00000000d5580000, 0x00000000e6e80000, 0x0000000100000000)
  eden space 197120K, 0% used [0x00000000d5580000,0x00000000d5580000,0x00000000e1600000)
  from space 37888K, 0% used [0x00000000e1600000,0x00000000e1600000,0x00000000e3b00000)
  to   space 36864K, 0% used [0x00000000e4a80000,0x00000000e4a80000,0x00000000e6e80000)
 ParOldGen       total 221696K, used 53427K [0x0000000080000000, 0x000000008d880000, 0x00000000d5580000)
  object space 221696K, 24% used [0x0000000080000000,0x000000008342cd90,0x000000008d880000)
 Metaspace       used 93497K, capacity 97726K, committed 98380K, reserved 1134592K
  class space    used 12379K, capacity 13254K, committed 13440K, reserved 1048576K
}
Event: 1526.467 GC heap before
{Heap before GC invocations=22 (full 4):
 PSYoungGen      total 235008K, used 197120K [0x00000000d5580000, 0x00000000e6e80000, 0x0000000100000000)
  eden space 197120K, 100% used [0x00000000d5580000,0x00000000e1600000,0x00000000e1600000)
  from space 37888K, 0% used [0x00000000e1600000,0x00000000e1600000,0x00000000e3b00000)
  to   space 36864K, 0% used [0x00000000e4a80000,0x00000000e4a80000,0x00000000e6e80000)
 ParOldGen       total 221696K, used 53427K [0x0000000080000000, 0x000000008d880000, 0x00000000d5580000)
  object space 221696K, 24% used [0x0000000080000000,0x000000008342cd90,0x000000008d880000)
 Metaspace       used 95855K, capacity 100306K, committed 100556K, reserved 1136640K
  class space    used 12634K, capacity 13552K, committed 13568K, reserved 1048576K
Event: 1526.492 GC heap after
Heap after GC invocations=22 (full 4):
 PSYoungGen      total 246784K, used 16957K [0x00000000d5580000, 0x00000000e6b00000, 0x0000000100000000)
  eden space 213504K, 0% used [0x00000000d5580000,0x00000000d5580000,0x00000000e2600000)
  from space 33280K, 50% used [0x00000000e4a80000,0x00000000e5b0f690,0x00000000e6b00000)
  to   space 35328K, 0% used [0x00000000e2600000,0x00000000e2600000,0x00000000e4880000)
 ParOldGen       total 221696K, used 53435K [0x0000000080000000, 0x000000008d880000, 0x00000000d5580000)
  object space 221696K, 24% used [0x0000000080000000,0x000000008342ed90,0x000000008d880000)
 Metaspace       used 95855K, capacity 100306K, committed 100556K, reserved 1136640K
  class space    used 12634K, capacity 13552K, committed 13568K, reserved 1048576K
}
Event: 1536.604 GC heap before
{Heap before GC invocations=23 (full 4):
 PSYoungGen      total 246784K, used 230461K [0x00000000d5580000, 0x00000000e6b00000, 0x0000000100000000)
  eden space 213504K, 100% used [0x00000000d5580000,0x00000000e2600000,0x00000000e2600000)
  from space 33280K, 50% used [0x00000000e4a80000,0x00000000e5b0f690,0x00000000e6b00000)
  to   space 35328K, 0% used [0x00000000e2600000,0x00000000e2600000,0x00000000e4880000)
 ParOldGen       total 221696K, used 53435K [0x0000000080000000, 0x000000008d880000, 0x00000000d5580000)
  object space 221696K, 24% used [0x0000000080000000,0x000000008342ed90,0x000000008d880000)
 Metaspace       used 99043K, capacity 103650K, committed 103756K, reserved 1138688K
  class space    used 12971K, capacity 13910K, committed 13952K, reserved 1048576K
Event: 1536.633 GC heap after
Heap after GC invocations=23 (full 4):
 PSYoungGen      total 248832K, used 19270K [0x00000000d5580000, 0x00000000e7980000, 0x0000000100000000)
  eden space 213504K, 0% used [0x00000000d5580000,0x00000000d5580000,0x00000000e2600000)
  from space 35328K, 54% used [0x00000000e2600000,0x00000000e38d1868,0x00000000e4880000)
  to   space 34816K, 0% used [0x00000000e5780000,0x00000000e5780000,0x00000000e7980000)
 ParOldGen       total 221696K, used 53443K [0x0000000080000000, 0x000000008d880000, 0x00000000d5580000)
  object space 221696K, 24% used [0x0000000080000000,0x0000000083430d90,0x000000008d880000)
 Metaspace       used 99043K, capacity 103650K, committed 103756K, reserved 1138688K
  class space    used 12971K, capacity 13910K, committed 13952K, reserved 1048576K
}

Deoptimization events (10 events):
Event: 1543.925 Thread 0x000000001a509000 Uncommon trap: reason=bimorphic action=maybe_recompile pc=0x0000000005423bc0 method=java.io.ObjectInputStream$PeekInputStream.read()I @ 23
Event: 1543.925 Thread 0x000000001a509000 Uncommon trap: reason=bimorphic action=maybe_recompile pc=0x0000000005423bc0 method=java.io.ObjectInputStream$PeekInputStream.read()I @ 23
Event: 1543.932 Thread 0x000000001a509000 Uncommon trap: reason=bimorphic action=maybe_recompile pc=0x0000000005423bc0 method=java.io.ObjectInputStream$PeekInputStream.read()I @ 23
Event: 1543.934 Thread 0x000000001a509000 Uncommon trap: reason=bimorphic action=maybe_recompile pc=0x0000000005423bc0 method=java.io.ObjectInputStream$PeekInputStream.read()I @ 23
Event: 1543.938 Thread 0x000000001a509000 Uncommon trap: reason=predicate action=maybe_recompile pc=0x0000000004ff9d54 method=java.util.TimSort.binarySort([Ljava/lang/Object;IIILjava/util/Comparator;)V @ 37
Event: 1543.939 Thread 0x000000001a509000 Uncommon trap: reason=predicate action=maybe_recompile pc=0x0000000005079b1c method=java.util.TimSort.reverseRange([Ljava/lang/Object;II)V @ 8
Event: 1544.849 Thread 0x000000001a509000 Uncommon trap: reason=unstable_if action=reinterpret pc=0x000000000502175c method=java.io.ObjectInputStream.filterCheck(Ljava/lang/Class;I)V @ 4
Event: 1544.852 Thread 0x000000001a509000 Uncommon trap: reason=class_check action=maybe_recompile pc=0x00000000046d2b60 method=java.lang.reflect.Array.newInstance(Ljava/lang/Class;I)Ljava/lang/Object; @ 2
Event: 1545.084 Thread 0x000000001f503800 Uncommon trap: reason=class_check action=maybe_recompile pc=0x0000000004112370 method=java.lang.ThreadLocal.set(Ljava/lang/Object;)V @ 26
Event: 1545.089 Thread 0x000000001f503800 Uncommon trap: reason=class_check action=maybe_recompile pc=0x00000000046d2b60 method=java.lang.reflect.Array.newInstance(Ljava/lang/Class;I)Ljava/lang/Object; @ 2

Classes redefined (0 events):
No events

Internal exceptions (10 events):
Event: 1543.938 Thread 0x000000001a509000 Exception <a 'java/lang/NoSuchMethodError': <clinit>> (0x00000000df63a9e8) thrown at [C:\src\AOSP-openjdk-git\hotspot\src\share\vm\prims\jni.cpp, line 1615]
Event: 1543.939 Thread 0x000000001a509000 Exception <a 'java/lang/NoSuchMethodError': <clinit>> (0x00000000df64d128) thrown at [C:\src\AOSP-openjdk-git\hotspot\src\share\vm\prims\jni.cpp, line 1615]
Event: 1544.835 Thread 0x000000001a509000 Exception <a 'java/lang/NoSuchMethodError': <clinit>> (0x00000000df65bee8) thrown at [C:\src\AOSP-openjdk-git\hotspot\src\share\vm\prims\jni.cpp, line 1615]
Event: 1544.853 Thread 0x000000001f4f9800 Exception <a 'java/lang/InterruptedException'> (0x00000000df71c6f0) thrown at [C:\src\AOSP-openjdk-git\hotspot\src\share\vm\runtime\objectMonitor.cpp, line 1680]
Event: 1544.972 Thread 0x000000001a509000 Exception <a 'java/lang/NoSuchMethodError': <clinit>> (0x00000000df6cb3c0) thrown at [C:\src\AOSP-openjdk-git\hotspot\src\share\vm\prims\jni.cpp, line 1615]
Event: 1544.973 Thread 0x000000001a509000 Exception <a 'java/lang/NoSuchMethodError': <clinit>> (0x00000000df6dd770) thrown at [C:\src\AOSP-openjdk-git\hotspot\src\share\vm\prims\jni.cpp, line 1615]
Event: 1544.975 Thread 0x000000001a509000 Exception <a 'java/lang/NoSuchMethodError': <clinit>> (0x00000000df736df8) thrown at [C:\src\AOSP-openjdk-git\hotspot\src\share\vm\prims\jni.cpp, line 1615]
Event: 1544.984 Thread 0x000000001a509000 Exception <a 'java/lang/NoSuchMethodError': <clinit>> (0x00000000df7620e8) thrown at [C:\src\AOSP-openjdk-git\hotspot\src\share\vm\prims\jni.cpp, line 1615]
Event: 1545.015 Thread 0x000000001a509000 Exception <a 'java/lang/NoSuchMethodError': <clinit>> (0x00000000df8ca4d8) thrown at [C:\src\AOSP-openjdk-git\hotspot\src\share\vm\prims\jni.cpp, line 1615]
Event: 1545.019 Thread 0x000000001a509000 Exception <a 'java/lang/NoSuchMethodError': <clinit>> (0x00000000df987d50) thrown at [C:\src\AOSP-openjdk-git\hotspot\src\share\vm\prims\jni.cpp, line 1615]

Events (10 events):
Event: 1550.210 Thread 0x00000000179d2800 flushing nmethod 0x000000000542d6d0
Event: 1550.210 Thread 0x00000000179d2800 flushing nmethod 0x000000000542de10
Event: 1550.210 Thread 0x00000000179d2800 flushing nmethod 0x00000000054e44d0
Event: 1550.210 Thread 0x00000000179d2800 flushing nmethod 0x00000000054f19d0
Event: 1550.210 Thread 0x00000000179d2800 flushing nmethod 0x00000000054f7750
Event: 1559.010 Executing VM operation: RevokeBias
Event: 1559.010 Executing VM operation: RevokeBias done
Event: 1559.873 Executing VM operation: RevokeBias
Event: 1559.874 Executing VM operation: RevokeBias done
Event: 1574.023 Executing VM operation: RevokeBias


Dynamic libraries:
0x00007ff698c50000 - 0x00007ff698c81000 	C:\Program Files\Android\Android Studio1\jre\bin\java.exe
0x00007ffa03360000 - 0x00007ffa03550000 	C:\WINDOWS\SYSTEM32\ntdll.dll
0x00007ffa02270000 - 0x00007ffa02322000 	C:\WINDOWS\System32\KERNEL32.DLL
0x00007ffa01000000 - 0x00007ffa012a5000 	C:\WINDOWS\System32\KERNELBASE.dll
0x00007ffa01f00000 - 0x00007ffa01fa3000 	C:\WINDOWS\System32\ADVAPI32.dll
0x00007ffa02ac0000 - 0x00007ffa02b5e000 	C:\WINDOWS\System32\msvcrt.dll
0x00007ffa014d0000 - 0x00007ffa01567000 	C:\WINDOWS\System32\sechost.dll
0x00007ffa01990000 - 0x00007ffa01ab0000 	C:\WINDOWS\System32\RPCRT4.dll
0x00007ffa01c00000 - 0x00007ffa01d94000 	C:\WINDOWS\System32\USER32.dll
0x00007ffa00720000 - 0x00007ffa00741000 	C:\WINDOWS\System32\win32u.dll
0x00007ffa01b60000 - 0x00007ffa01b86000 	C:\WINDOWS\System32\GDI32.dll
0x00007ffa003d0000 - 0x00007ffa00566000 	C:\WINDOWS\System32\gdi32full.dll
0x00007ffa01370000 - 0x00007ffa0140e000 	C:\WINDOWS\System32\msvcp_win.dll
0x00007ffa002d0000 - 0x00007ffa003ca000 	C:\WINDOWS\System32\ucrtbase.dll
0x00007ff9ff680000 - 0x00007ff9ff904000 	C:\WINDOWS\WinSxS\amd64_microsoft.windows.common-controls_6595b64144ccf1df_6.0.18362.1256_none_9e7e379be45e40e2\COMCTL32.dll
0x00007ffa01650000 - 0x00007ffa01986000 	C:\WINDOWS\System32\combase.dll
0x00007ffa012b0000 - 0x00007ffa01331000 	C:\WINDOWS\System32\bcryptPrimitives.dll
0x00007ffa021c0000 - 0x00007ffa021ee000 	C:\WINDOWS\System32\IMM32.DLL
0x0000000058410000 - 0x00000000584e2000 	C:\Program Files\Android\Android Studio1\jre\jre\bin\msvcr100.dll
0x00000000578c0000 - 0x000000005810b000 	C:\Program Files\Android\Android Studio1\jre\jre\bin\server\jvm.dll
0x00007ffa02260000 - 0x00007ffa02268000 	C:\WINDOWS\System32\PSAPI.DLL
0x00007ff9fb800000 - 0x00007ff9fb824000 	C:\WINDOWS\SYSTEM32\WINMM.dll
0x00007ff9fd9f0000 - 0x00007ff9fd9fa000 	C:\WINDOWS\SYSTEM32\VERSION.dll
0x00007ff9fb7d0000 - 0x00007ff9fb7fd000 	C:\WINDOWS\SYSTEM32\winmmbase.dll
0x00007ffa00ee0000 - 0x00007ffa00f2a000 	C:\WINDOWS\System32\cfgmgr32.dll
0x00007ff9ef8a0000 - 0x00007ff9ef8a9000 	C:\WINDOWS\SYSTEM32\WSOCK32.dll
0x00007ffa021f0000 - 0x00007ffa0225f000 	C:\WINDOWS\System32\WS2_32.dll
0x00007ff9fb2c0000 - 0x00007ff9fb2cf000 	C:\Program Files\Android\Android Studio1\jre\jre\bin\verify.dll
0x00007ff9eec60000 - 0x00007ff9eec89000 	C:\Program Files\Android\Android Studio1\jre\jre\bin\java.dll
0x00007ff9fb2a0000 - 0x00007ff9fb2b6000 	C:\Program Files\Android\Android Studio1\jre\jre\bin\zip.dll
0x00007ffa023d0000 - 0x00007ffa02ab7000 	C:\WINDOWS\System32\SHELL32.dll
0x00007ffa01ab0000 - 0x00007ffa01b59000 	C:\WINDOWS\System32\shcore.dll
0x00007ffa00750000 - 0x00007ffa00ed1000 	C:\WINDOWS\System32\windows.storage.dll
0x00007ffa00250000 - 0x00007ffa00273000 	C:\WINDOWS\System32\profapi.dll
0x00007ffa00280000 - 0x00007ffa002ca000 	C:\WINDOWS\System32\powrprof.dll
0x00007ffa00200000 - 0x00007ffa00210000 	C:\WINDOWS\System32\UMPDC.dll
0x00007ffa01470000 - 0x00007ffa014c2000 	C:\WINDOWS\System32\shlwapi.dll
0x00007ffa00230000 - 0x00007ffa00241000 	C:\WINDOWS\System32\kernel.appcore.dll
0x00007ffa00fe0000 - 0x00007ffa00ff7000 	C:\WINDOWS\System32\cryptsp.dll
0x00007ff9fb250000 - 0x00007ff9fb26a000 	C:\Program Files\Android\Android Studio1\jre\jre\bin\net.dll
0x00007ff9ff520000 - 0x00007ff9ff587000 	C:\WINDOWS\system32\mswsock.dll
0x00007ff9f8860000 - 0x00007ff9f8873000 	C:\Program Files\Android\Android Studio1\jre\jre\bin\nio.dll
0x00007ff9f9fe0000 - 0x00007ff9fa007000 	C:\Users\jacky hsu\.gradle\native\f6784746aeab05261644944871eae4fe03e0ef1612fff0a4a95f87b438bc6780\windows-amd64\native-platform.dll
0x00007ff9fa0d0000 - 0x00007ff9fa0dd000 	C:\Program Files\Android\Android Studio1\jre\jre\bin\management.dll
0x00007ff9fef40000 - 0x00007ff9fef73000 	C:\WINDOWS\system32\rsaenh.dll
0x00007ffa01340000 - 0x00007ffa01366000 	C:\WINDOWS\System32\bcrypt.dll
0x00007ffa00120000 - 0x00007ffa00145000 	C:\WINDOWS\SYSTEM32\USERENV.dll
0x00007ff9ff4a0000 - 0x00007ff9ff4ac000 	C:\WINDOWS\SYSTEM32\CRYPTBASE.dll
0x00007ff9ff0d0000 - 0x00007ff9ff10a000 	C:\WINDOWS\SYSTEM32\IPHLPAPI.DLL
0x00007ffa02130000 - 0x00007ffa02138000 	C:\WINDOWS\System32\NSI.dll
0x00007ff9fbc00000 - 0x00007ff9fbc16000 	C:\WINDOWS\SYSTEM32\dhcpcsvc6.DLL
0x00007ff9fbbe0000 - 0x00007ff9fbbfc000 	C:\WINDOWS\SYSTEM32\dhcpcsvc.DLL
0x00007ff9ff110000 - 0x00007ff9ff1db000 	C:\WINDOWS\SYSTEM32\DNSAPI.dll
0x00007ff9fb180000 - 0x00007ff9fb18b000 	C:\WINDOWS\SYSTEM32\WINNSI.DLL
0x00007ff9e21d0000 - 0x00007ff9e21f4000 	C:\Program Files\Android\Android Studio1\jre\jre\bin\sunec.dll
0x00007ff9ef9b0000 - 0x00007ff9ef9ba000 	C:\Windows\System32\rasadhlp.dll
0x00007ff9fa7c0000 - 0x00007ff9fa837000 	C:\WINDOWS\System32\fwpuclnt.dll
0x00007ff9f9fc0000 - 0x00007ff9f9fcb000 	C:\Program Files\Android\Android Studio1\jre\jre\bin\sunmscapi.dll
0x00007ffa00570000 - 0x00007ffa006b9000 	C:\WINDOWS\System32\CRYPT32.dll
0x00007ffa00210000 - 0x00007ffa00222000 	C:\WINDOWS\System32\MSASN1.dll
0x00007ff9fffb0000 - 0x00007ff9fffe1000 	C:\WINDOWS\SYSTEM32\ntmarta.dll
0x00007ff9e5ed0000 - 0x00007ff9e5eee000 	C:\Users\jacky hsu\AppData\Local\Temp\native-platform5530915180805872495dir\native-platform.dll
0x00007ff9ffaa0000 - 0x00007ff9ffc94000 	C:\WINDOWS\SYSTEM32\dbghelp.dll

VM Arguments:
jvm_args: -Xmx2048m -Dfile.encoding=UTF-8 -Duser.country=TW -Duser.language=zh -Duser.variant 
java_command: org.gradle.launcher.daemon.bootstrap.GradleDaemon 6.5
java_class_path (initial): C:\Users\jacky hsu\.gradle\wrapper\dists\gradle-6.5-all\2oz4ud9k3tuxjg84bbf55q0tn\gradle-6.5\lib\gradle-launcher-6.5.jar
Launcher Type: SUN_STANDARD

Environment Variables:
JAVA_HOME=C:\Program Files\Java\jdk-12.0.1;
PATH=C:\Program Files (x86)\Intel\iCLS Client\;C:\Program Files\Intel\iCLS Client\;C:\WINDOWS\system32;C:\WINDOWS;C:\WINDOWS\System32\Wbem;C:\WINDOWS\System32\WindowsPowerShell\v1.0\;C:\Program Files (x86)\Intel\Intel(R) Management Engine Components\DAL;C:\Program Files\Intel\Intel(R) Management Engine Components\DAL;C:\Program Files (x86)\Intel\Intel(R) Management Engine Components\IPT;C:\Program Files\Intel\Intel(R) Management Engine Components\IPT;C:\WINDOWS\System32\OpenSSH\;c:\altera\81\quartus\bin;C:\Program Files\Intel\WiFi\bin\;C:\Program Files\Common Files\Intel\WirelessCommon\;C:\Program Files\nodejs\;C:\Program Files\Java\jdk-12.0.1\bin;D:\Program Files\Git\cmd;C:\Program Files\dotnet\;C:\Program Files\Graphviz\bin;C:\Users\jacky hsu\AppData\Local\Microsoft\WindowsApps;C:\Users\jacky hsu\AppData\Roaming\npm;C:\Microsoft VS Code\bin;C:\Users\jacky hsu\.dotnet\tools;C:\Program Files\Bandizip\;C:\Users\jacky hsu\Desktop\Graphviz;C:\Program Files (x86)\Microsoft Visual Studio\2019\Community\VC\Auxiliary\Build\vcvars64.bat;
USERNAME=jacky hsu
OS=Windows_NT
PROCESSOR_IDENTIFIER=Intel64 Family 6 Model 142 Stepping 9, GenuineIntel



---------------  S Y S T E M  ---------------

OS: Windows 10.0 , 64 bit Build 18362 (10.0.18362.1110)

CPU:total 4 (initial active 4) (2 cores per cpu, 2 threads per core) family 6 model 142 stepping 9, cmov, cx8, fxsr, mmx, sse, sse2, sse3, ssse3, sse4.1, sse4.2, popcnt, avx, avx2, aes, clmul, erms, 3dnowpref, lzcnt, ht, tsc, tscinvbit, bmi1, bmi2, adx

Memory: 4k page, physical 8272100k(1940512k free), swap 12728548k(4446064k free)

vm_info: OpenJDK 64-Bit Server VM (25.242-b01) for windows-amd64 JRE (1.8.0_242-release-1644-b01), built by "builder" with MS VC++ 10.0 (VS2010)

time: Sun Jan 03 20:03:01 2021
timezone: 台北標準時間
elapsed time: 1574 seconds (0d 0h 26m 14s)

